==2331== Memcheck, a memory error detector
==2331== Copyright (C) 2002-2012, and GNU GPL'd, by Julian Seward et al.
==2331== Using Valgrind-3.8.1 and LibVEX; rerun with -h for copyright info
==2331== Command: answer03
==2331== Parent PID: 28174
==2331== 
--2331-- 
--2331-- Valgrind options:
--2331--    --tool=memcheck
--2331--    --leak-check=full
--2331--    --verbose
--2331--    --log-file=memcheck.log
--2331-- Contents of /proc/version:
--2331--   Linux version 2.6.32-642.1.1.el6.x86_64 (mockbuild@x86-027.build.eng.bos.redhat.com) (gcc version 4.4.7 20120313 (Red Hat 4.4.7-17) (GCC) ) #1 SMP Fri May 6 14:54:05 EDT 2016
--2331-- Arch and hwcaps: AMD64, amd64-sse3-cx16-avx
--2331-- Page sizes: currently 4096, max supported 4096
--2331-- Valgrind library directory: /usr/lib64/valgrind
--2331-- Reading syms from /home/shay/a/grangar/Desktop/ECE264/HW3/hw3/answer03
--2331-- Reading syms from /usr/lib64/valgrind/memcheck-amd64-linux
--2331--    object doesn't have a dynamic symbol table
--2331-- Reading syms from /lib64/ld-2.12.so
--2331-- Scheduler: using generic scheduler lock implementation.
--2331-- Reading suppressions file: /usr/lib64/valgrind/default.supp
==2331== embedded gdbserver: reading from /tmp/vgdb-pipe-from-vgdb-to-2331-by-grangar-on-ee207lnx06.ecn.purdue.edu
==2331== embedded gdbserver: writing to   /tmp/vgdb-pipe-to-vgdb-from-2331-by-grangar-on-ee207lnx06.ecn.purdue.edu
==2331== embedded gdbserver: shared mem   /tmp/vgdb-pipe-shared-mem-vgdb-2331-by-grangar-on-ee207lnx06.ecn.purdue.edu
==2331== 
==2331== TO CONTROL THIS PROCESS USING vgdb (which you probably
==2331== don't want to do, unless you know exactly what you're doing,
==2331== or are doing some strange experiment):
==2331==   /usr/lib64/valgrind/../../bin/vgdb --pid=2331 ...command...
==2331== 
==2331== TO DEBUG THIS PROCESS USING GDB: start GDB like this
==2331==   /path/to/gdb answer03
==2331== and then give GDB the following command
==2331==   target remote | /usr/lib64/valgrind/../../bin/vgdb --pid=2331
==2331== --pid is optional if only one valgrind process is running
==2331== 
--2331-- REDIR: 0x3ee8217d10 (strlen) redirected to 0x38049551 (vgPlain_amd64_linux_REDIR_FOR_strlen)
--2331-- Reading syms from /usr/lib64/valgrind/vgpreload_core-amd64-linux.so
--2331-- Reading syms from /usr/lib64/valgrind/vgpreload_memcheck-amd64-linux.so
--2331-- REDIR: 0x3ee8217b20 (index) redirected to 0x4a07c30 (index)
--2331-- REDIR: 0x3ee8217ba0 (strcmp) redirected to 0x4a08570 (strcmp)
--2331-- Reading syms from /lib64/libc-2.12.so
--2331-- REDIR: 0x3ee8684e60 (strcasecmp) redirected to 0x480155c (_vgnU_ifunc_wrapper)
--2331-- REDIR: 0x3ee8687120 (strncasecmp) redirected to 0x480155c (_vgnU_ifunc_wrapper)
--2331-- REDIR: 0x3ee8682dd0 (__GI_strrchr) redirected to 0x4a07ab0 (__GI_strrchr)
--2331-- REDIR: 0x3ee86812f0 (__GI_strlen) redirected to 0x4a07fb0 (__GI_strlen)
--2331-- REDIR: 0x3ee8684690 (mempcpy) redirected to 0x4a0a020 (mempcpy)
--2331-- REDIR: 0x3ee868ac80 (strchrnul) redirected to 0x4a09fb0 (strchrnul)
--2331-- REDIR: 0x3ee867ba00 (free) redirected to 0x4a063a9 (free)
==2331== 
==2331== HEAP SUMMARY:
==2331==     in use at exit: 0 bytes in 0 blocks
==2331==   total heap usage: 0 allocs, 0 frees, 0 bytes allocated
==2331== 
==2331== All heap blocks were freed -- no leaks are possible
==2331== 
==2331== ERROR SUMMARY: 0 errors from 0 contexts (suppressed: 6 from 6)
--2331-- 
--2331-- used_suppression:      4 U1004-ARM-_dl_relocate_object
--2331-- used_suppression:      2 glibc-2.5.x-on-SUSE-10.2-(PPC)-2a
==2331== 
==2331== ERROR SUMMARY: 0 errors from 0 contexts (suppressed: 6 from 6)
